<?xml version="1.0" encoding="UTF-8"?>
<testsuite name="com.ryanmoon.project.springboot.web.HelloControllerTest" tests="2" skipped="0" failures="0" errors="0" timestamp="2020-05-22T02:04:34" hostname="DESKTOP-H1PRKI6" time="0.673">
  <properties/>
  <testcase name="hello가_리턴된다" classname="com.ryanmoon.project.springboot.web.HelloControllerTest" time="0.538"/>
  <testcase name="helloDto가_리턴된다" classname="com.ryanmoon.project.springboot.web.HelloControllerTest" time="0.132"/>
  <system-out><![CDATA[11:04:28.605 [Test worker] DEBUG org.springframework.test.context.junit4.SpringJUnit4ClassRunner - SpringJUnit4ClassRunner constructor called with [class com.ryanmoon.project.springboot.web.HelloControllerTest]
11:04:28.636 [Test worker] DEBUG org.springframework.test.context.BootstrapUtils - Instantiating CacheAwareContextLoaderDelegate from class [org.springframework.test.context.cache.DefaultCacheAwareContextLoaderDelegate]
11:04:28.652 [Test worker] DEBUG org.springframework.test.context.BootstrapUtils - Instantiating BootstrapContext using constructor [public org.springframework.test.context.support.DefaultBootstrapContext(java.lang.Class,org.springframework.test.context.CacheAwareContextLoaderDelegate)]
11:04:28.683 [Test worker] DEBUG org.springframework.test.context.BootstrapUtils - Instantiating TestContextBootstrapper for test class [com.ryanmoon.project.springboot.web.HelloControllerTest] from class [org.springframework.boot.test.autoconfigure.web.servlet.WebMvcTestContextBootstrapper]
11:04:28.715 [Test worker] INFO org.springframework.boot.test.autoconfigure.web.servlet.WebMvcTestContextBootstrapper - Neither @ContextConfiguration nor @ContextHierarchy found for test class [com.ryanmoon.project.springboot.web.HelloControllerTest], using SpringBootContextLoader
11:04:28.715 [Test worker] DEBUG org.springframework.test.context.support.AbstractContextLoader - Did not detect default resource location for test class [com.ryanmoon.project.springboot.web.HelloControllerTest]: class path resource [com/ryanmoon/project/springboot/web/HelloControllerTest-context.xml] does not exist
11:04:28.715 [Test worker] DEBUG org.springframework.test.context.support.AbstractContextLoader - Did not detect default resource location for test class [com.ryanmoon.project.springboot.web.HelloControllerTest]: class path resource [com/ryanmoon/project/springboot/web/HelloControllerTestContext.groovy] does not exist
11:04:28.715 [Test worker] INFO org.springframework.test.context.support.AbstractContextLoader - Could not detect default resource locations for test class [com.ryanmoon.project.springboot.web.HelloControllerTest]: no resource found for suffixes {-context.xml, Context.groovy}.
11:04:28.715 [Test worker] INFO org.springframework.test.context.support.AnnotationConfigContextLoaderUtils - Could not detect default configuration classes for test class [com.ryanmoon.project.springboot.web.HelloControllerTest]: HelloControllerTest does not declare any static, non-private, non-final, nested classes annotated with @Configuration.
11:04:28.840 [Test worker] DEBUG org.springframework.test.context.support.ActiveProfilesUtils - Could not find an 'annotation declaring class' for annotation type [org.springframework.test.context.ActiveProfiles] and class [com.ryanmoon.project.springboot.web.HelloControllerTest]
11:04:28.980 [Test worker] DEBUG org.springframework.context.annotation.ClassPathScanningCandidateComponentProvider - Identified candidate component class: file [C:\springboot\ryanmoon\project\springboot-webservice\build\classes\java\main\com\ryanmoon\project\springboot\Application.class]
11:04:28.980 [Test worker] INFO org.springframework.boot.test.context.SpringBootTestContextBootstrapper - Found @SpringBootConfiguration com.ryanmoon.project.springboot.Application for test class com.ryanmoon.project.springboot.web.HelloControllerTest
11:04:28.980 [Test worker] DEBUG org.springframework.boot.test.autoconfigure.web.servlet.WebMvcTestContextBootstrapper - @TestExecutionListeners is not present for class [com.ryanmoon.project.springboot.web.HelloControllerTest]: using defaults.
11:04:28.980 [Test worker] INFO org.springframework.boot.test.autoconfigure.web.servlet.WebMvcTestContextBootstrapper - Loaded default TestExecutionListener class names from location [META-INF/spring.factories]: [org.springframework.security.test.context.support.WithSecurityContextTestExecutionListener, org.springframework.security.test.context.support.ReactorContextTestExecutionListener, org.springframework.boot.test.autoconfigure.restdocs.RestDocsTestExecutionListener, org.springframework.boot.test.autoconfigure.web.client.MockRestServiceServerResetTestExecutionListener, org.springframework.boot.test.autoconfigure.web.servlet.MockMvcPrintOnlyOnFailureTestExecutionListener, org.springframework.boot.test.autoconfigure.web.servlet.WebDriverTestExecutionListener, org.springframework.boot.test.mock.mockito.MockitoTestExecutionListener, org.springframework.boot.test.mock.mockito.ResetMocksTestExecutionListener, org.springframework.test.context.web.ServletTestExecutionListener, org.springframework.test.context.support.DirtiesContextBeforeModesTestExecutionListener, org.springframework.test.context.support.DependencyInjectionTestExecutionListener, org.springframework.test.context.support.DirtiesContextTestExecutionListener, org.springframework.test.context.transaction.TransactionalTestExecutionListener, org.springframework.test.context.jdbc.SqlScriptsTestExecutionListener]
11:04:29.027 [Test worker] INFO org.springframework.boot.test.autoconfigure.web.servlet.WebMvcTestContextBootstrapper - Using TestExecutionListeners: [org.springframework.test.context.web.ServletTestExecutionListener@442c505c, org.springframework.test.context.support.DirtiesContextBeforeModesTestExecutionListener@119315c4, org.springframework.boot.test.mock.mockito.MockitoTestExecutionListener@f8f8180, org.springframework.boot.test.autoconfigure.SpringBootDependencyInjectionTestExecutionListener@527b044f, org.springframework.test.context.support.DirtiesContextTestExecutionListener@74f310ec, org.springframework.test.context.transaction.TransactionalTestExecutionListener@7d471683, org.springframework.test.context.jdbc.SqlScriptsTestExecutionListener@e370b2a, org.springframework.security.test.context.support.WithSecurityContextTestExecutionListener@4e42fdf, org.springframework.security.test.context.support.ReactorContextTestExecutionListener@687c3bdf, org.springframework.boot.test.autoconfigure.restdocs.RestDocsTestExecutionListener@2d4acb5d, org.springframework.boot.test.autoconfigure.web.client.MockRestServiceServerResetTestExecutionListener@1b92eb85, org.springframework.boot.test.autoconfigure.web.servlet.MockMvcPrintOnlyOnFailureTestExecutionListener@3eada5ff, org.springframework.boot.test.autoconfigure.web.servlet.WebDriverTestExecutionListener@3786d336, org.springframework.boot.test.mock.mockito.ResetMocksTestExecutionListener@4c6de6b8]
11:04:29.043 [Test worker] DEBUG org.springframework.test.annotation.ProfileValueUtils - Retrieved @ProfileValueSourceConfiguration [null] for test class [com.ryanmoon.project.springboot.web.HelloControllerTest]
11:04:29.043 [Test worker] DEBUG org.springframework.test.annotation.ProfileValueUtils - Retrieved ProfileValueSource type [class org.springframework.test.annotation.SystemProfileValueSource] for class [com.ryanmoon.project.springboot.web.HelloControllerTest]
11:04:29.043 [Test worker] DEBUG org.springframework.test.annotation.ProfileValueUtils - Retrieved @ProfileValueSourceConfiguration [null] for test class [com.ryanmoon.project.springboot.web.HelloControllerTest]
11:04:29.043 [Test worker] DEBUG org.springframework.test.annotation.ProfileValueUtils - Retrieved ProfileValueSource type [class org.springframework.test.annotation.SystemProfileValueSource] for class [com.ryanmoon.project.springboot.web.HelloControllerTest]
11:04:29.043 [Test worker] DEBUG org.springframework.test.context.support.AbstractDirtiesContextTestExecutionListener - Before test class: context [DefaultTestContext@422489c7 testClass = HelloControllerTest, testInstance = [null], testMethod = [null], testException = [null], mergedContextConfiguration = [WebMergedContextConfiguration@734dd672 testClass = HelloControllerTest, locations = '{}', classes = '{class com.ryanmoon.project.springboot.Application}', contextInitializerClasses = '[]', activeProfiles = '{}', propertySourceLocations = '{}', propertySourceProperties = '{org.springframework.boot.test.autoconfigure.web.servlet.WebMvcTestContextBootstrapper=true}', contextCustomizers = set[org.springframework.boot.test.autoconfigure.OverrideAutoConfigurationContextCustomizerFactory$DisableAutoConfigurationContextCustomizer@252117, org.springframework.boot.test.autoconfigure.filter.TypeExcludeFiltersContextCustomizer@87d1f49d, org.springframework.boot.test.autoconfigure.properties.PropertyMappingContextCustomizer@ea168018, org.springframework.boot.test.autoconfigure.web.servlet.WebDriverContextCustomizerFactory$Customizer@a8fa575, [ImportsContextCustomizer@5388efff key = [org.springframework.boot.autoconfigure.cache.CacheAutoConfiguration, org.springframework.boot.autoconfigure.context.MessageSourceAutoConfiguration, org.springframework.boot.autoconfigure.data.web.SpringDataWebAutoConfiguration, org.springframework.boot.autoconfigure.freemarker.FreeMarkerAutoConfiguration, org.springframework.boot.autoconfigure.groovy.template.GroovyTemplateAutoConfiguration, org.springframework.boot.autoconfigure.gson.GsonAutoConfiguration, org.springframework.boot.autoconfigure.hateoas.HypermediaAutoConfiguration, org.springframework.boot.autoconfigure.http.HttpMessageConvertersAutoConfiguration, org.springframework.boot.autoconfigure.jackson.JacksonAutoConfiguration, org.springframework.boot.autoconfigure.jsonb.JsonbAutoConfiguration, org.springframework.boot.autoconfigure.mustache.MustacheAutoConfiguration, org.springframework.boot.autoconfigure.task.TaskExecutionAutoConfiguration, org.springframework.boot.autoconfigure.thymeleaf.ThymeleafAutoConfiguration, org.springframework.boot.autoconfigure.validation.ValidationAutoConfiguration, org.springframework.boot.autoconfigure.web.servlet.error.ErrorMvcAutoConfiguration, org.springframework.boot.autoconfigure.web.servlet.WebMvcAutoConfiguration, org.springframework.boot.test.autoconfigure.web.servlet.MockMvcAutoConfiguration, org.springframework.boot.test.autoconfigure.web.servlet.MockMvcSecurityAutoConfiguration, org.springframework.boot.test.autoconfigure.web.servlet.MockMvcWebClientAutoConfiguration, org.springframework.boot.test.autoconfigure.web.servlet.MockMvcWebDriverAutoConfiguration]], org.springframework.boot.test.context.filter.ExcludeFilterContextCustomizer@6b753bea, org.springframework.boot.test.json.DuplicateJsonObjectContextCustomizerFactory$DuplicateJsonObjectContextCustomizer@ccf0dd4, org.springframework.boot.test.mock.mockito.MockitoContextCustomizer@0], resourceBasePath = 'src/main/webapp', contextLoader = 'org.springframework.boot.test.context.SpringBootContextLoader', parent = [null]], attributes = map[[empty]]], class annotated with @DirtiesContext [false] with mode [null].
11:04:29.043 [Test worker] DEBUG org.springframework.test.annotation.ProfileValueUtils - Retrieved @ProfileValueSourceConfiguration [null] for test class [com.ryanmoon.project.springboot.web.HelloControllerTest]
11:04:29.043 [Test worker] DEBUG org.springframework.test.annotation.ProfileValueUtils - Retrieved ProfileValueSource type [class org.springframework.test.annotation.SystemProfileValueSource] for class [com.ryanmoon.project.springboot.web.HelloControllerTest]
11:04:29.058 [Test worker] DEBUG org.springframework.test.context.support.DependencyInjectionTestExecutionListener - Performing dependency injection for test context [[DefaultTestContext@422489c7 testClass = HelloControllerTest, testInstance = com.ryanmoon.project.springboot.web.HelloControllerTest@1e5ede00, testMethod = [null], testException = [null], mergedContextConfiguration = [WebMergedContextConfiguration@734dd672 testClass = HelloControllerTest, locations = '{}', classes = '{class com.ryanmoon.project.springboot.Application}', contextInitializerClasses = '[]', activeProfiles = '{}', propertySourceLocations = '{}', propertySourceProperties = '{org.springframework.boot.test.autoconfigure.web.servlet.WebMvcTestContextBootstrapper=true}', contextCustomizers = set[org.springframework.boot.test.autoconfigure.OverrideAutoConfigurationContextCustomizerFactory$DisableAutoConfigurationContextCustomizer@252117, org.springframework.boot.test.autoconfigure.filter.TypeExcludeFiltersContextCustomizer@87d1f49d, org.springframework.boot.test.autoconfigure.properties.PropertyMappingContextCustomizer@ea168018, org.springframework.boot.test.autoconfigure.web.servlet.WebDriverContextCustomizerFactory$Customizer@a8fa575, [ImportsContextCustomizer@5388efff key = [org.springframework.boot.autoconfigure.cache.CacheAutoConfiguration, org.springframework.boot.autoconfigure.context.MessageSourceAutoConfiguration, org.springframework.boot.autoconfigure.data.web.SpringDataWebAutoConfiguration, org.springframework.boot.autoconfigure.freemarker.FreeMarkerAutoConfiguration, org.springframework.boot.autoconfigure.groovy.template.GroovyTemplateAutoConfiguration, org.springframework.boot.autoconfigure.gson.GsonAutoConfiguration, org.springframework.boot.autoconfigure.hateoas.HypermediaAutoConfiguration, org.springframework.boot.autoconfigure.http.HttpMessageConvertersAutoConfiguration, org.springframework.boot.autoconfigure.jackson.JacksonAutoConfiguration, org.springframework.boot.autoconfigure.jsonb.JsonbAutoConfiguration, org.springframework.boot.autoconfigure.mustache.MustacheAutoConfiguration, org.springframework.boot.autoconfigure.task.TaskExecutionAutoConfiguration, org.springframework.boot.autoconfigure.thymeleaf.ThymeleafAutoConfiguration, org.springframework.boot.autoconfigure.validation.ValidationAutoConfiguration, org.springframework.boot.autoconfigure.web.servlet.error.ErrorMvcAutoConfiguration, org.springframework.boot.autoconfigure.web.servlet.WebMvcAutoConfiguration, org.springframework.boot.test.autoconfigure.web.servlet.MockMvcAutoConfiguration, org.springframework.boot.test.autoconfigure.web.servlet.MockMvcSecurityAutoConfiguration, org.springframework.boot.test.autoconfigure.web.servlet.MockMvcWebClientAutoConfiguration, org.springframework.boot.test.autoconfigure.web.servlet.MockMvcWebDriverAutoConfiguration]], org.springframework.boot.test.context.filter.ExcludeFilterContextCustomizer@6b753bea, org.springframework.boot.test.json.DuplicateJsonObjectContextCustomizerFactory$DuplicateJsonObjectContextCustomizer@ccf0dd4, org.springframework.boot.test.mock.mockito.MockitoContextCustomizer@0], resourceBasePath = 'src/main/webapp', contextLoader = 'org.springframework.boot.test.context.SpringBootContextLoader', parent = [null]], attributes = map[[empty]]]].
11:04:29.277 [Test worker] DEBUG org.springframework.test.context.support.TestPropertySourceUtils - Adding inlined properties to environment: {spring.jmx.enabled=false, org.springframework.boot.test.autoconfigure.web.servlet.WebMvcTestContextBootstrapper=true, server.port=-1}

  .   ____          _            __ _ _
 /\\ / ___'_ __ _ _(_)_ __  __ _ \ \ \ \
( ( )\___ | '_ | '_| | '_ \/ _` | \ \ \ \
 \\/  ___)| |_)| | | | | || (_| |  ) ) ) )
  '  |____| .__|_| |_|_| |_\__, | / / / /
 =========|_|==============|___/=/_/_/_/
 :: Spring Boot ::        (v2.1.9.RELEASE)

2020-05-22 11:04:29.855  INFO 20076 --- [    Test worker] c.r.p.s.web.HelloControllerTest          : Starting HelloControllerTest on DESKTOP-H1PRKI6 with PID 20076 (started by ryanm in C:\springboot\ryanmoon\project\springboot-webservice)
2020-05-22 11:04:29.855  INFO 20076 --- [    Test worker] c.r.p.s.web.HelloControllerTest          : No active profile set, falling back to default profiles: default
2020-05-22 11:04:33.059  INFO 20076 --- [    Test worker] o.s.s.concurrent.ThreadPoolTaskExecutor  : Initializing ExecutorService 'applicationTaskExecutor'
2020-05-22 11:04:33.267  INFO 20076 --- [    Test worker] o.s.b.a.w.s.WelcomePageHandlerMapping    : Adding welcome page template: index
2020-05-22 11:04:33.892  INFO 20076 --- [    Test worker] .s.s.UserDetailsServiceAutoConfiguration : 

Using generated security password: fbcb9c88-a2f5-43b0-957d-62edd2b78b26

2020-05-22 11:04:34.613  INFO 20076 --- [    Test worker] o.s.s.web.DefaultSecurityFilterChain     : Creating filter chain: any request, [org.springframework.security.web.context.request.async.WebAsyncManagerIntegrationFilter@48c9a362, org.springframework.security.web.context.SecurityContextPersistenceFilter@29b75d05, org.springframework.security.web.header.HeaderWriterFilter@21699300, org.springframework.security.web.csrf.CsrfFilter@2cba7146, org.springframework.security.web.authentication.logout.LogoutFilter@39c04041, org.springframework.security.web.authentication.UsernamePasswordAuthenticationFilter@12eccca8, org.springframework.security.web.authentication.ui.DefaultLoginPageGeneratingFilter@2d74d57f, org.springframework.security.web.authentication.ui.DefaultLogoutPageGeneratingFilter@4872d1c1, org.springframework.security.web.authentication.www.BasicAuthenticationFilter@24c1d9e9, org.springframework.security.web.savedrequest.RequestCacheAwareFilter@4622b363, org.springframework.security.web.servletapi.SecurityContextHolderAwareRequestFilter@63ea5837, org.springframework.security.web.authentication.AnonymousAuthenticationFilter@49f001b2, org.springframework.security.web.session.SessionManagementFilter@43784c20, org.springframework.security.web.access.ExceptionTranslationFilter@7bf66f6b, org.springframework.security.web.access.intercept.FilterSecurityInterceptor@71bbf134]
2020-05-22 11:04:34.754  INFO 20076 --- [    Test worker] o.s.b.t.m.w.SpringBootMockServletContext : Initializing Spring TestDispatcherServlet ''
2020-05-22 11:04:34.754  INFO 20076 --- [    Test worker] o.s.t.web.servlet.TestDispatcherServlet  : Initializing Servlet ''
2020-05-22 11:04:34.801  INFO 20076 --- [    Test worker] o.s.t.web.servlet.TestDispatcherServlet  : Completed initialization in 47 ms
2020-05-22 11:04:34.926  INFO 20076 --- [    Test worker] c.r.p.s.web.HelloControllerTest          : Started HelloControllerTest in 5.649 seconds (JVM running for 8.459)
]]></system-out>
  <system-err><![CDATA[]]></system-err>
</testsuite>
