<?xml version="1.0" encoding="UTF-8"?>
<testsuite name="com.ryanmoon.project.springboot.web.IndexControllerTest" tests="1" skipped="0" failures="0" errors="0" timestamp="2020-05-22T02:04:51" hostname="DESKTOP-H1PRKI6" time="0.363">
  <properties/>
  <testcase name="메인페이지_로딩" classname="com.ryanmoon.project.springboot.web.IndexControllerTest" time="0.363"/>
  <system-out><![CDATA[2020-05-22 11:04:46.061  INFO 20076 --- [    Test worker] .b.t.c.SpringBootTestContextBootstrapper : Neither @ContextConfiguration nor @ContextHierarchy found for test class [com.ryanmoon.project.springboot.web.IndexControllerTest], using SpringBootContextLoader
2020-05-22 11:04:46.061  INFO 20076 --- [    Test worker] o.s.t.c.support.AbstractContextLoader    : Could not detect default resource locations for test class [com.ryanmoon.project.springboot.web.IndexControllerTest]: no resource found for suffixes {-context.xml, Context.groovy}.
2020-05-22 11:04:46.061  INFO 20076 --- [    Test worker] t.c.s.AnnotationConfigContextLoaderUtils : Could not detect default configuration classes for test class [com.ryanmoon.project.springboot.web.IndexControllerTest]: IndexControllerTest does not declare any static, non-private, non-final, nested classes annotated with @Configuration.
2020-05-22 11:04:46.071  INFO 20076 --- [    Test worker] .b.t.c.SpringBootTestContextBootstrapper : Found @SpringBootConfiguration com.ryanmoon.project.springboot.Application for test class com.ryanmoon.project.springboot.web.IndexControllerTest
2020-05-22 11:04:46.081  INFO 20076 --- [    Test worker] .b.t.c.SpringBootTestContextBootstrapper : Loaded default TestExecutionListener class names from location [META-INF/spring.factories]: [org.springframework.security.test.context.support.WithSecurityContextTestExecutionListener, org.springframework.security.test.context.support.ReactorContextTestExecutionListener, org.springframework.boot.test.autoconfigure.restdocs.RestDocsTestExecutionListener, org.springframework.boot.test.autoconfigure.web.client.MockRestServiceServerResetTestExecutionListener, org.springframework.boot.test.autoconfigure.web.servlet.MockMvcPrintOnlyOnFailureTestExecutionListener, org.springframework.boot.test.autoconfigure.web.servlet.WebDriverTestExecutionListener, org.springframework.boot.test.mock.mockito.MockitoTestExecutionListener, org.springframework.boot.test.mock.mockito.ResetMocksTestExecutionListener, org.springframework.test.context.web.ServletTestExecutionListener, org.springframework.test.context.support.DirtiesContextBeforeModesTestExecutionListener, org.springframework.test.context.support.DependencyInjectionTestExecutionListener, org.springframework.test.context.support.DirtiesContextTestExecutionListener, org.springframework.test.context.transaction.TransactionalTestExecutionListener, org.springframework.test.context.jdbc.SqlScriptsTestExecutionListener]
2020-05-22 11:04:46.081  INFO 20076 --- [    Test worker] .b.t.c.SpringBootTestContextBootstrapper : Using TestExecutionListeners: [org.springframework.test.context.web.ServletTestExecutionListener@34160445, org.springframework.test.context.support.DirtiesContextBeforeModesTestExecutionListener@55305051, org.springframework.boot.test.mock.mockito.MockitoTestExecutionListener@4c6f11ea, org.springframework.boot.test.autoconfigure.SpringBootDependencyInjectionTestExecutionListener@3fa9f676, org.springframework.test.context.support.DirtiesContextTestExecutionListener@3b99f9ea, org.springframework.test.context.transaction.TransactionalTestExecutionListener@6cfc8410, org.springframework.test.context.jdbc.SqlScriptsTestExecutionListener@58a82824, org.springframework.security.test.context.support.WithSecurityContextTestExecutionListener@28426f01, org.springframework.security.test.context.support.ReactorContextTestExecutionListener@5c60954a, org.springframework.boot.test.autoconfigure.restdocs.RestDocsTestExecutionListener@543446d2, org.springframework.boot.test.autoconfigure.web.client.MockRestServiceServerResetTestExecutionListener@4d44bd78, org.springframework.boot.test.autoconfigure.web.servlet.MockMvcPrintOnlyOnFailureTestExecutionListener@7645e9b6, org.springframework.boot.test.autoconfigure.web.servlet.WebDriverTestExecutionListener@2ed7e8f1, org.springframework.boot.test.mock.mockito.ResetMocksTestExecutionListener@58a3392f]

  .   ____          _            __ _ _
 /\\ / ___'_ __ _ _(_)_ __  __ _ \ \ \ \
( ( )\___ | '_ | '_| | '_ \/ _` | \ \ \ \
 \\/  ___)| |_)| | | | | || (_| |  ) ) ) )
  '  |____| .__|_| |_|_| |_\__, | / / / /
 =========|_|==============|___/=/_/_/_/
 :: Spring Boot ::        (v2.1.9.RELEASE)

2020-05-22 11:04:46.222  INFO 20076 --- [    Test worker] c.r.p.s.web.IndexControllerTest          : Starting IndexControllerTest on DESKTOP-H1PRKI6 with PID 20076 (started by ryanm in C:\springboot\ryanmoon\project\springboot-webservice)
2020-05-22 11:04:46.230  INFO 20076 --- [    Test worker] c.r.p.s.web.IndexControllerTest          : No active profile set, falling back to default profiles: default
2020-05-22 11:04:46.879  INFO 20076 --- [    Test worker] .s.d.r.c.RepositoryConfigurationDelegate : Bootstrapping Spring Data repositories in DEFAULT mode.
2020-05-22 11:04:46.930  INFO 20076 --- [    Test worker] .s.d.r.c.RepositoryConfigurationDelegate : Finished Spring Data repository scanning in 51ms. Found 2 repository interfaces.
2020-05-22 11:04:47.121  INFO 20076 --- [    Test worker] trationDelegate$BeanPostProcessorChecker : Bean 'org.springframework.transaction.annotation.ProxyTransactionManagementConfiguration' of type [org.springframework.transaction.annotation.ProxyTransactionManagementConfiguration$$EnhancerBySpringCGLIB$$6b74e16f] is not eligible for getting processed by all BeanPostProcessors (for example: not eligible for auto-proxying)
2020-05-22 11:04:47.725  INFO 20076 --- [    Test worker] o.s.b.w.embedded.tomcat.TomcatWebServer  : Tomcat initialized with port(s): 0 (http)
2020-05-22 11:04:47.786  INFO 20076 --- [    Test worker] o.apache.catalina.core.StandardService   : Starting service [Tomcat]
2020-05-22 11:04:47.786  INFO 20076 --- [    Test worker] org.apache.catalina.core.StandardEngine  : Starting Servlet engine: [Apache Tomcat/9.0.26]
2020-05-22 11:04:48.108  INFO 20076 --- [    Test worker] o.a.c.c.C.[Tomcat].[localhost].[/]       : Initializing Spring embedded WebApplicationContext
2020-05-22 11:04:48.108  INFO 20076 --- [    Test worker] o.s.web.context.ContextLoader            : Root WebApplicationContext: initialization completed in 1876 ms
2020-05-22 11:04:48.491  INFO 20076 --- [    Test worker] com.zaxxer.hikari.HikariDataSource       : HikariPool-2 - Starting...
2020-05-22 11:04:48.491  INFO 20076 --- [    Test worker] com.zaxxer.hikari.HikariDataSource       : HikariPool-2 - Start completed.
2020-05-22 11:04:48.572  INFO 20076 --- [    Test worker] o.hibernate.jpa.internal.util.LogHelper  : HHH000204: Processing PersistenceUnitInfo [
	name: default
	...]
2020-05-22 11:04:48.602  INFO 20076 --- [    Test worker] org.hibernate.dialect.Dialect            : HHH000400: Using dialect: org.hibernate.dialect.MySQL5InnoDBDialect
Hibernate: drop table if exists posts
Hibernate: drop table if exists user
Hibernate: create table posts (id bigint not null auto_increment, created_date datetime, modified_date datetime, author varchar(255), content TEXT not null, title varchar(500) not null, primary key (id)) engine=InnoDB
Hibernate: create table user (id bigint not null auto_increment, created_date datetime, modified_date datetime, email varchar(255) not null, name varchar(255) not null, picture varchar(255), role varchar(255) not null, primary key (id)) engine=InnoDB
2020-05-22 11:04:48.708  INFO 20076 --- [    Test worker] o.h.t.schema.internal.SchemaCreatorImpl  : HHH000476: Executing import script 'org.hibernate.tool.schema.internal.exec.ScriptSourceInputNonExistentImpl@5b0fcc4b'
2020-05-22 11:04:48.708  INFO 20076 --- [    Test worker] j.LocalContainerEntityManagerFactoryBean : Initialized JPA EntityManagerFactory for persistence unit 'default'
2020-05-22 11:04:49.427  INFO 20076 --- [    Test worker] o.h.h.i.QueryTranslatorFactoryInitiator  : HHH000397: Using ASTQueryTranslatorFactory
2020-05-22 11:04:50.177  INFO 20076 --- [    Test worker] o.s.s.web.DefaultSecurityFilterChain     : Creating filter chain: any request, [org.springframework.security.web.context.request.async.WebAsyncManagerIntegrationFilter@60587328, org.springframework.security.web.context.SecurityContextPersistenceFilter@e7ebbf8, org.springframework.security.web.header.HeaderWriterFilter@16ee8138, org.springframework.security.web.authentication.logout.LogoutFilter@50839db2, org.springframework.security.oauth2.client.web.OAuth2AuthorizationRequestRedirectFilter@78231b9e, org.springframework.security.oauth2.client.web.OAuth2LoginAuthenticationFilter@7d77a98a, org.springframework.security.web.authentication.ui.DefaultLoginPageGeneratingFilter@2b59525a, org.springframework.security.web.authentication.ui.DefaultLogoutPageGeneratingFilter@3253cee1, org.springframework.security.web.savedrequest.RequestCacheAwareFilter@24638027, org.springframework.security.web.servletapi.SecurityContextHolderAwareRequestFilter@466632d2, org.springframework.security.web.authentication.AnonymousAuthenticationFilter@52ccdcde, org.springframework.security.web.session.SessionManagementFilter@47854afe, org.springframework.security.web.access.ExceptionTranslationFilter@519f750d, org.springframework.security.web.access.intercept.FilterSecurityInterceptor@1798b82a]
2020-05-22 11:04:50.589  INFO 20076 --- [    Test worker] o.s.s.concurrent.ThreadPoolTaskExecutor  : Initializing ExecutorService 'applicationTaskExecutor'
2020-05-22 11:04:50.636  WARN 20076 --- [    Test worker] aWebConfiguration$JpaWebMvcConfiguration : spring.jpa.open-in-view is enabled by default. Therefore, database queries may be performed during view rendering. Explicitly configure spring.jpa.open-in-view to disable this warning
2020-05-22 11:04:50.698  INFO 20076 --- [    Test worker] o.s.b.a.w.s.WelcomePageHandlerMapping    : Adding welcome page template: index
2020-05-22 11:04:51.261  INFO 20076 --- [    Test worker] s.a.ScheduledAnnotationBeanPostProcessor : No TaskScheduler/ScheduledExecutorService bean found for scheduled processing
2020-05-22 11:04:51.292  INFO 20076 --- [    Test worker] o.s.b.w.embedded.tomcat.TomcatWebServer  : Tomcat started on port(s): 61528 (http) with context path ''
2020-05-22 11:04:51.292  INFO 20076 --- [    Test worker] c.r.p.s.web.IndexControllerTest          : Started IndexControllerTest in 5.201 seconds (JVM running for 24.829)
2020-05-22 11:04:51.464  INFO 20076 --- [o-auto-1-exec-1] o.a.c.c.C.[Tomcat].[localhost].[/]       : Initializing Spring DispatcherServlet 'dispatcherServlet'
2020-05-22 11:04:51.464  INFO 20076 --- [o-auto-1-exec-1] o.s.web.servlet.DispatcherServlet        : Initializing Servlet 'dispatcherServlet'
2020-05-22 11:04:51.510  INFO 20076 --- [o-auto-1-exec-1] o.s.web.servlet.DispatcherServlet        : Completed initialization in 46 ms
Hibernate: select posts0_.id as id1_0_, posts0_.created_date as created_2_0_, posts0_.modified_date as modified3_0_, posts0_.author as author4_0_, posts0_.content as content5_0_, posts0_.title as title6_0_ from posts posts0_ order by posts0_.id DESC
]]></system-out>
  <system-err><![CDATA[]]></system-err>
</testsuite>
