<?xml version="1.0" encoding="UTF-8"?>
<testsuite name="com.ryanmoon.project.springboot.web.PostsApiControllerTest" tests="2" skipped="0" failures="0" errors="0" timestamp="2020-05-22T02:04:51" hostname="DESKTOP-H1PRKI6" time="0.228">
  <properties/>
  <testcase name="Posts_등록된다" classname="com.ryanmoon.project.springboot.web.PostsApiControllerTest" time="0.169"/>
  <testcase name="Posts_수정된다" classname="com.ryanmoon.project.springboot.web.PostsApiControllerTest" time="0.058"/>
  <system-out><![CDATA[2020-05-22 11:04:51.667  INFO 20076 --- [    Test worker] .b.t.c.SpringBootTestContextBootstrapper : Neither @ContextConfiguration nor @ContextHierarchy found for test class [com.ryanmoon.project.springboot.web.PostsApiControllerTest], using SpringBootContextLoader
2020-05-22 11:04:51.667  INFO 20076 --- [    Test worker] o.s.t.c.support.AbstractContextLoader    : Could not detect default resource locations for test class [com.ryanmoon.project.springboot.web.PostsApiControllerTest]: no resource found for suffixes {-context.xml, Context.groovy}.
2020-05-22 11:04:51.667  INFO 20076 --- [    Test worker] t.c.s.AnnotationConfigContextLoaderUtils : Could not detect default configuration classes for test class [com.ryanmoon.project.springboot.web.PostsApiControllerTest]: PostsApiControllerTest does not declare any static, non-private, non-final, nested classes annotated with @Configuration.
2020-05-22 11:04:51.667  INFO 20076 --- [    Test worker] .b.t.c.SpringBootTestContextBootstrapper : Found @SpringBootConfiguration com.ryanmoon.project.springboot.Application for test class com.ryanmoon.project.springboot.web.PostsApiControllerTest
2020-05-22 11:04:51.682  INFO 20076 --- [    Test worker] .b.t.c.SpringBootTestContextBootstrapper : Loaded default TestExecutionListener class names from location [META-INF/spring.factories]: [org.springframework.security.test.context.support.WithSecurityContextTestExecutionListener, org.springframework.security.test.context.support.ReactorContextTestExecutionListener, org.springframework.boot.test.autoconfigure.restdocs.RestDocsTestExecutionListener, org.springframework.boot.test.autoconfigure.web.client.MockRestServiceServerResetTestExecutionListener, org.springframework.boot.test.autoconfigure.web.servlet.MockMvcPrintOnlyOnFailureTestExecutionListener, org.springframework.boot.test.autoconfigure.web.servlet.WebDriverTestExecutionListener, org.springframework.boot.test.mock.mockito.MockitoTestExecutionListener, org.springframework.boot.test.mock.mockito.ResetMocksTestExecutionListener, org.springframework.test.context.web.ServletTestExecutionListener, org.springframework.test.context.support.DirtiesContextBeforeModesTestExecutionListener, org.springframework.test.context.support.DependencyInjectionTestExecutionListener, org.springframework.test.context.support.DirtiesContextTestExecutionListener, org.springframework.test.context.transaction.TransactionalTestExecutionListener, org.springframework.test.context.jdbc.SqlScriptsTestExecutionListener]
2020-05-22 11:04:51.682  INFO 20076 --- [    Test worker] .b.t.c.SpringBootTestContextBootstrapper : Using TestExecutionListeners: [org.springframework.test.context.web.ServletTestExecutionListener@1578eaf7, org.springframework.test.context.support.DirtiesContextBeforeModesTestExecutionListener@19181085, org.springframework.boot.test.mock.mockito.MockitoTestExecutionListener@19520a8e, org.springframework.boot.test.autoconfigure.SpringBootDependencyInjectionTestExecutionListener@afa9ba4, org.springframework.test.context.support.DirtiesContextTestExecutionListener@5807e75e, org.springframework.test.context.transaction.TransactionalTestExecutionListener@1c258e3, org.springframework.test.context.jdbc.SqlScriptsTestExecutionListener@8cd342f, org.springframework.security.test.context.support.WithSecurityContextTestExecutionListener@5634b929, org.springframework.security.test.context.support.ReactorContextTestExecutionListener@31ee99a6, org.springframework.boot.test.autoconfigure.restdocs.RestDocsTestExecutionListener@2278ca38, org.springframework.boot.test.autoconfigure.web.client.MockRestServiceServerResetTestExecutionListener@43f5ee14, org.springframework.boot.test.autoconfigure.web.servlet.MockMvcPrintOnlyOnFailureTestExecutionListener@30fbfab2, org.springframework.boot.test.autoconfigure.web.servlet.WebDriverTestExecutionListener@751d76a2, org.springframework.boot.test.mock.mockito.ResetMocksTestExecutionListener@11d04b33]
2020-05-22 11:04:51.698  INFO 20076 --- [    Test worker] o.a.c.c.C.[Tomcat].[localhost].[/]       : Initializing Spring TestDispatcherServlet ''
2020-05-22 11:04:51.698  INFO 20076 --- [    Test worker] o.s.t.web.servlet.TestDispatcherServlet  : Initializing Servlet ''
2020-05-22 11:04:51.698  INFO 20076 --- [    Test worker] o.s.t.web.servlet.TestDispatcherServlet  : Completed initialization in 0 ms
Hibernate: insert into posts (created_date, modified_date, author, content, title) values (?, ?, ?, ?, ?)
Hibernate: select posts0_.id as id1_0_, posts0_.created_date as created_2_0_, posts0_.modified_date as modified3_0_, posts0_.author as author4_0_, posts0_.content as content5_0_, posts0_.title as title6_0_ from posts posts0_
Hibernate: select posts0_.id as id1_0_, posts0_.created_date as created_2_0_, posts0_.modified_date as modified3_0_, posts0_.author as author4_0_, posts0_.content as content5_0_, posts0_.title as title6_0_ from posts posts0_
Hibernate: delete from posts where id=?
2020-05-22 11:04:51.854  INFO 20076 --- [    Test worker] o.a.c.c.C.[Tomcat].[localhost].[/]       : Initializing Spring TestDispatcherServlet ''
2020-05-22 11:04:51.854  INFO 20076 --- [    Test worker] o.s.t.web.servlet.TestDispatcherServlet  : Initializing Servlet ''
2020-05-22 11:04:51.870  INFO 20076 --- [    Test worker] o.s.t.web.servlet.TestDispatcherServlet  : Completed initialization in 16 ms
Hibernate: insert into posts (created_date, modified_date, author, content, title) values (?, ?, ?, ?, ?)
Hibernate: select posts0_.id as id1_0_0_, posts0_.created_date as created_2_0_0_, posts0_.modified_date as modified3_0_0_, posts0_.author as author4_0_0_, posts0_.content as content5_0_0_, posts0_.title as title6_0_0_ from posts posts0_ where posts0_.id=?
Hibernate: update posts set created_date=?, modified_date=?, author=?, content=?, title=? where id=?
Hibernate: select posts0_.id as id1_0_, posts0_.created_date as created_2_0_, posts0_.modified_date as modified3_0_, posts0_.author as author4_0_, posts0_.content as content5_0_, posts0_.title as title6_0_ from posts posts0_
Hibernate: select posts0_.id as id1_0_, posts0_.created_date as created_2_0_, posts0_.modified_date as modified3_0_, posts0_.author as author4_0_, posts0_.content as content5_0_, posts0_.title as title6_0_ from posts posts0_
Hibernate: delete from posts where id=?
]]></system-out>
  <system-err><![CDATA[]]></system-err>
</testsuite>
